Log file open, 07/23/18 22:55:49
LogWindows: Failed to load 'aqProf.dll' (GetLastError=126)
LogWindows: File 'aqProf.dll' does not exist
LogWindows: Failed to load 'VtuneApi.dll' (GetLastError=126)
LogWindows: File 'VtuneApi.dll' does not exist
LogWindows: Failed to load 'VtuneApi32e.dll' (GetLastError=126)
LogWindows: File 'VtuneApi32e.dll' does not exist
LogInit: Display: Running engine for game: CheatingSimulator
LogPlatformFile: Not using cached read wrapper
LogInit: Display: RandInit(-881935725) SRandInit(-881935725).
LogInit: Read version file with build ID '3944462'
LogInit: Overriding engine version to CL 4033788, compatible CL 3944462
LogInit: Registered custom module enumerator with build ID '3944462'
LogTaskGraph: Started task graph with 5 named threads and 14 total threads with 3 sets of task threads.
LogStats: Stats thread started at 0.381125
LogD3D11RHI: Aftermath initialized
LogICUInternationalization: Display: ICU TimeZone Detection - Raw Offset: -5:00, Platform Override: ''
LogPluginManager: Mounting plugin Paper2D
LogPluginManager: Mounting plugin LiveLink
LogPluginManager: Mounting plugin LightPropagationVolume
LogPluginManager: Mounting plugin CLionSourceCodeAccess
LogPluginManager: Mounting plugin CodeLiteSourceCodeAccess
LogPluginManager: Mounting plugin GitSourceControl
LogPluginManager: Mounting plugin KDevelopSourceCodeAccess
LogPluginManager: Mounting plugin NullSourceCodeAccess
LogPluginManager: Mounting plugin PerforceSourceControl
LogPluginManager: Mounting plugin SubversionSourceControl
LogPluginManager: Mounting plugin UObjectPlugin
LogPluginManager: Mounting plugin VisualStudioCodeSourceCodeAccess
LogPluginManager: Mounting plugin VisualStudioSourceCodeAccess
LogPluginManager: Mounting plugin XCodeSourceCodeAccess
LogPluginManager: Mounting plugin AssetManagerEditor
LogPluginManager: Mounting plugin CryptoKeys
LogPluginManager: Mounting plugin DataValidation
LogPluginManager: Mounting plugin FacialAnimation
LogPluginManager: Mounting plugin GameplayTagsEditor
LogPluginManager: Mounting plugin MobileLauncherProfileWizard
LogPluginManager: Mounting plugin PluginBrowser
LogPluginManager: Mounting plugin SpeedTreeImporter
LogPluginManager: Mounting plugin DatasmithContent
LogPluginManager: Mounting plugin AlembicImporter
LogPluginManager: Mounting plugin CharacterAI
LogPluginManager: Mounting plugin HTML5Networking
LogPluginManager: Mounting plugin AndroidMedia
LogPluginManager: Mounting plugin AvfMedia
LogPluginManager: Mounting plugin ImgMedia
LogPluginManager: Mounting plugin LinearTimecode
LogPluginManager: Mounting plugin MediaCompositing
LogPluginManager: Mounting plugin MediaPlayerEditor
LogPluginManager: Mounting plugin WmfMedia
LogPluginManager: Mounting plugin TcpMessaging
LogPluginManager: Mounting plugin UdpMessaging
LogPluginManager: Mounting plugin ActorSequence
LogPluginManager: Mounting plugin LevelSequenceEditor
LogPluginManager: Mounting plugin MatineeToLevelSequence
LogPluginManager: Mounting plugin NetcodeUnitTest
LogPluginManager: Mounting plugin NUTUnrealEngine4
LogPluginManager: Mounting plugin OnlineSubsystemGooglePlay
LogPluginManager: Mounting plugin OnlineSubsystemIOS
LogPluginManager: Mounting plugin OnlineSubsystem
LogPluginManager: Mounting plugin OnlineSubsystemNull
LogPluginManager: Mounting plugin OnlineSubsystemUtils
LogPluginManager: Mounting plugin AndroidDeviceProfileSelector
LogPluginManager: Mounting plugin AndroidMoviePlayer
LogPluginManager: Mounting plugin AndroidPermission
LogPluginManager: Mounting plugin AppleARKit
LogPluginManager: Mounting plugin AppleMoviePlayer
LogPluginManager: Mounting plugin ArchVisCharacter
LogPluginManager: Mounting plugin AudioCapture
LogPluginManager: Mounting plugin CableComponent
LogPluginManager: Mounting plugin CustomMeshComponent
LogPluginManager: Mounting plugin ExampleDeviceProfileSelector
LogPluginManager: Mounting plugin GoogleCloudMessaging
LogPluginManager: Mounting plugin ImmediatePhysics
LogPluginManager: Mounting plugin IOSDeviceProfileSelector
LogPluginManager: Mounting plugin LinuxDeviceProfileSelector
LogPluginManager: Mounting plugin LocationServicesBPLibrary
LogPluginManager: Mounting plugin MobilePatchingUtils
LogPluginManager: Mounting plugin OculusVR
LogPluginManager: Plugin shader directory ../../../Engine/Plugins/Runtime/Oculus/OculusVR/Shaders found
LogPluginManager: Mapping shader source directory ../../../Engine/Plugins/Runtime/Oculus/OculusVR/Shaders to virtual directory /Plugin/OculusVR
LogPluginManager: Mounting plugin PhysXVehicles
LogPluginManager: Mounting plugin ProceduralMeshComponent
LogPluginManager: Mounting plugin RuntimePhysXCooking
LogPluginManager: Mounting plugin SteamVR
LogPluginManager: Mounting plugin WindowsMoviePlayer
LogStreaming: Display: Took  0.194s to configure plugins.
LogModuleManager: Display: Found up-to-date module file ../../../../../../Users/Vigneshwar/Documents/Unreal Projects/CheatingSimulator/Binaries/Win64/UE4Editor-CheatingSimulator-3078.dll (API version 3944462).
LogModuleManager: Display: Found up-to-date module file ../../../Engine/Plugins/2D/Paper2D/Binaries/Win64/UE4Editor-Paper2D.dll (API version 3944462).
LogModuleManager: Display: Found up-to-date module file ../../../Engine/Plugins/2D/Paper2D/Binaries/Win64/UE4Editor-Paper2DEditor.dll (API version 3944462).
LogModuleManager: Display: Found up-to-date module file ../../../Engine/Plugins/2D/Paper2D/Binaries/Win64/UE4Editor-PaperSpriteSheetImporter.dll (API version 3944462).
LogModuleManager: Display: Found up-to-date module file ../../../Engine/Plugins/2D/Paper2D/Binaries/Win64/UE4Editor-PaperTiledImporter.dll (API version 3944462).
LogModuleManager: Display: Found up-to-date module file ../../../Engine/Plugins/2D/Paper2D/Binaries/Win64/UE4Editor-SmartSnapping.dll (API version 3944462).
LogModuleManager: Display: Found up-to-date module file ../../../Engine/Plugins/Animation/LiveLink/Binaries/Win64/UE4Editor-LiveLink.dll (API version 3944462).
LogModuleManager: Display: Found up-to-date module file ../../../Engine/Plugins/Animation/LiveLink/Binaries/Win64/UE4Editor-LiveLinkEditor.dll (API version 3944462).
LogModuleManager: Display: Found up-to-date module file ../../../Engine/Plugins/Blendables/LightPropagationVolume/Binaries/Win64/UE4Editor-LightPropagationVolumeRuntime.dll (API version 3944462).
LogModuleManager: Display: Found up-to-date module file ../../../Engine/Plugins/Blendables/LightPropagationVolume/Binaries/Win64/UE4Editor-LightPropagationVolumeEditor.dll (API version 3944462).
LogModuleManager: Display: Found up-to-date module file ../../../Engine/Plugins/Developer/CLionSourceCodeAccess/Binaries/Win64/UE4Editor-CLionSourceCodeAccess.dll (API version 3944462).
LogModuleManager: Display: Found up-to-date module file ../../../Engine/Plugins/Developer/GitSourceControl/Binaries/Win64/UE4Editor-GitSourceControl.dll (API version 3944462).
LogModuleManager: Display: Found up-to-date module file ../../../Engine/Plugins/Developer/PerforceSourceControl/Binaries/Win64/UE4Editor-PerforceSourceControl.dll (API version 3944462).
LogModuleManager: Display: Found up-to-date module file ../../../Engine/Plugins/Developer/SubversionSourceControl/Binaries/Win64/UE4Editor-SubversionSourceControl.dll (API version 3944462).
LogModuleManager: Display: Found up-to-date module file ../../../Engine/Plugins/Developer/UObjectPlugin/Binaries/Win64/UE4Editor-UObjectPlugin.dll (API version 3944462).
LogModuleManager: Display: Found up-to-date module file ../../../Engine/Plugins/Developer/VisualStudioCodeSourceCodeAccess/Binaries/Win64/UE4Editor-VisualStudioCodeSourceCodeAccess.dll (API version 3944462).
LogModuleManager: Display: Found up-to-date module file ../../../Engine/Plugins/Developer/VisualStudioSourceCodeAccess/Binaries/Win64/UE4Editor-VisualStudioSourceCodeAccess.dll (API version 3944462).
LogModuleManager: Display: Found up-to-date module file ../../../Engine/Plugins/Editor/AssetManagerEditor/Binaries/Win64/UE4Editor-AssetManagerEditor.dll (API version 3944462).
LogModuleManager: Display: Found up-to-date module file ../../../Engine/Plugins/Editor/CryptoKeys/Binaries/Win64/UE4Editor-CryptoKeys.dll (API version 3944462).
LogModuleManager: Display: Found up-to-date module file ../../../Engine/Plugins/Editor/CryptoKeys/Binaries/Win64/UE4Editor-CryptoKeysOpenSSL.dll (API version 3944462).
LogModuleManager: Display: Found up-to-date module file ../../../Engine/Plugins/Editor/DataValidation/Binaries/Win64/UE4Editor-DataValidation.dll (API version 3944462).
LogModuleManager: Display: Found up-to-date module file ../../../Engine/Plugins/Editor/FacialAnimation/Binaries/Win64/UE4Editor-FacialAnimation.dll (API version 3944462).
LogModuleManager: Display: Found up-to-date module file ../../../Engine/Plugins/Editor/FacialAnimation/Binaries/Win64/UE4Editor-FacialAnimationEditor.dll (API version 3944462).
LogModuleManager: Display: Found up-to-date module file ../../../Engine/Plugins/Editor/GameplayTagsEditor/Binaries/Win64/UE4Editor-GameplayTagsEditor.dll (API version 3944462).
LogModuleManager: Display: Found up-to-date module file ../../../Engine/Plugins/Editor/MobileLauncherProfileWizard/Binaries/Win64/UE4Editor-MobileLauncherProfileWizard.dll (API version 3944462).
LogModuleManager: Display: Found up-to-date module file ../../../Engine/Plugins/Editor/PluginBrowser/Binaries/Win64/UE4Editor-PluginBrowser.dll (API version 3944462).
LogModuleManager: Display: Found up-to-date module file ../../../Engine/Plugins/Editor/SpeedTreeImporter/Binaries/Win64/UE4Editor-SpeedTreeImporter.dll (API version 3944462).
LogModuleManager: Display: Found up-to-date module file ../../../Engine/Plugins/Enterprise/DatasmithContent/Binaries/Win64/UE4Editor-DatasmithContent.dll (API version 3944462).
LogModuleManager: Display: Found up-to-date module file ../../../Engine/Plugins/Experimental/AlembicImporter/Binaries/Win64/UE4Editor-AlembicImporter.dll (API version 3944462).
LogModuleManager: Display: Found up-to-date module file ../../../Engine/Plugins/Experimental/AlembicImporter/Binaries/Win64/UE4Editor-AlembicLibrary.dll (API version 3944462).
LogModuleManager: Display: Found up-to-date module file ../../../Engine/Plugins/Experimental/CharacterAI/Binaries/Win64/UE4Editor-CharacterAI.dll (API version 3944462).
LogModuleManager: Display: Found up-to-date module file ../../../Engine/Plugins/Experimental/HTML5Networking/Binaries/Win64/UE4Editor-HTML5Networking.dll (API version 3944462).
LogModuleManager: Display: Found up-to-date module file ../../../Engine/Plugins/Media/AndroidMedia/Binaries/Win64/UE4Editor-AndroidMediaEditor.dll (API version 3944462).
LogModuleManager: Display: Found up-to-date module file ../../../Engine/Plugins/Media/AndroidMedia/Binaries/Win64/UE4Editor-AndroidMediaFactory.dll (API version 3944462).
LogModuleManager: Display: Found up-to-date module file ../../../Engine/Plugins/Media/AvfMedia/Binaries/Win64/UE4Editor-AvfMediaEditor.dll (API version 3944462).
LogModuleManager: Display: Found up-to-date module file ../../../Engine/Plugins/Media/AvfMedia/Binaries/Win64/UE4Editor-AvfMediaFactory.dll (API version 3944462).
LogModuleManager: Display: Found up-to-date module file ../../../Engine/Plugins/Media/AvfMedia/Binaries/Win64/UE4Editor-AvfMediaFactory.dll (API version 3944462).
LogModuleManager: Display: Found up-to-date module file ../../../Engine/Plugins/Media/ImgMedia/Binaries/Win64/UE4Editor-ImgMedia.dll (API version 3944462).
LogModuleManager: Display: Found up-to-date module file ../../../Engine/Plugins/Media/ImgMedia/Binaries/Win64/UE4Editor-ImgMediaEditor.dll (API version 3944462).
LogModuleManager: Display: Found up-to-date module file ../../../Engine/Plugins/Media/ImgMedia/Binaries/Win64/UE4Editor-ImgMediaFactory.dll (API version 3944462).
LogModuleManager: Display: Found up-to-date module file ../../../Engine/Plugins/Media/ImgMedia/Binaries/Win64/UE4Editor-ImgMediaFactory.dll (API version 3944462).
LogModuleManager: Display: Found up-to-date module file ../../../Engine/Plugins/Media/ImgMedia/Binaries/Win64/UE4Editor-OpenExrWrapper.dll (API version 3944462).
LogModuleManager: Display: Found up-to-date module file ../../../Engine/Plugins/Media/LinearTimecode/Binaries/Win64/UE4Editor-LinearTimecode.dll (API version 3944462).
LogModuleManager: Display: Found up-to-date module file ../../../Engine/Plugins/Media/MediaCompositing/Binaries/Win64/UE4Editor-MediaCompositing.dll (API version 3944462).
LogModuleManager: Display: Found up-to-date module file ../../../Engine/Plugins/Media/MediaCompositing/Binaries/Win64/UE4Editor-MediaCompositingEditor.dll (API version 3944462).
LogModuleManager: Display: Found up-to-date module file ../../../Engine/Plugins/Media/MediaPlayerEditor/Binaries/Win64/UE4Editor-MediaPlayerEditor.dll (API version 3944462).
LogModuleManager: Display: Found up-to-date module file ../../../Engine/Plugins/Media/WmfMedia/Binaries/Win64/UE4Editor-WmfMedia.dll (API version 3944462).
LogModuleManager: Display: Found up-to-date module file ../../../Engine/Plugins/Media/WmfMedia/Binaries/Win64/UE4Editor-WmfMediaEditor.dll (API version 3944462).
LogModuleManager: Display: Found up-to-date module file ../../../Engine/Plugins/Media/WmfMedia/Binaries/Win64/UE4Editor-WmfMediaFactory.dll (API version 3944462).
LogModuleManager: Display: Found up-to-date module file ../../../Engine/Plugins/Media/WmfMedia/Binaries/Win64/UE4Editor-WmfMediaFactory.dll (API version 3944462).
LogModuleManager: Display: Found up-to-date module file ../../../Engine/Plugins/Messaging/TcpMessaging/Binaries/Win64/UE4Editor-TcpMessaging.dll (API version 3944462).
LogModuleManager: Display: Found up-to-date module file ../../../Engine/Plugins/Messaging/UdpMessaging/Binaries/Win64/UE4Editor-UdpMessaging.dll (API version 3944462).
LogModuleManager: Display: Found up-to-date module file ../../../Engine/Plugins/MovieScene/ActorSequence/Binaries/Win64/UE4Editor-ActorSequence.dll (API version 3944462).
LogModuleManager: Display: Found up-to-date module file ../../../Engine/Plugins/MovieScene/LevelSequenceEditor/Binaries/Win64/UE4Editor-LevelSequenceEditor.dll (API version 3944462).
LogModuleManager: Display: Found up-to-date module file ../../../Engine/Plugins/MovieScene/MatineeToLevelSequence/Binaries/Win64/UE4Editor-MatineeToLevelSequence.dll (API version 3944462).
LogModuleManager: Display: Found up-to-date module file ../../../Engine/Plugins/NetcodeUnitTest/NetcodeUnitTest/Binaries/Win64/UE4Editor-NetcodeUnitTest.dll (API version 3944462).
LogModuleManager: Display: Found up-to-date module file ../../../Engine/Plugins/NetcodeUnitTest/NUTUnrealEngine4/Binaries/Win64/UE4Editor-NUTUnrealEngine4.dll (API version 3944462).
LogModuleManager: Display: Found up-to-date module file ../../../Engine/Plugins/Online/OnlineSubsystem/Binaries/Win64/UE4Editor-OnlineSubsystem.dll (API version 3944462).
LogModuleManager: Display: Found up-to-date module file ../../../Engine/Plugins/Online/OnlineSubsystemNull/Binaries/Win64/UE4Editor-OnlineSubsystemNull.dll (API version 3944462).
LogModuleManager: Display: Found up-to-date module file ../../../Engine/Plugins/Online/OnlineSubsystemUtils/Binaries/Win64/UE4Editor-OnlineSubsystemUtils.dll (API version 3944462).
LogModuleManager: Display: Found up-to-date module file ../../../Engine/Plugins/Online/OnlineSubsystemUtils/Binaries/Win64/UE4Editor-OnlineBlueprintSupport.dll (API version 3944462).
LogModuleManager: Display: Found up-to-date module file ../../../Engine/Plugins/Runtime/AndroidDeviceProfileSelector/Binaries/Win64/UE4Editor-AndroidDeviceProfileSelector.dll (API version 3944462).
LogModuleManager: Display: Found up-to-date module file ../../../Engine/Plugins/Runtime/AndroidPermission/Binaries/Win64/UE4Editor-AndroidPermission.dll (API version 3944462).
LogModuleManager: Display: Found up-to-date module file ../../../Engine/Plugins/Runtime/AppleARKit/Binaries/Win64/UE4Editor-AppleARKit.dll (API version 3944462).
LogModuleManager: Display: Found up-to-date module file ../../../Engine/Plugins/Runtime/ArchVisCharacter/Binaries/Win64/UE4Editor-ArchVisCharacter.dll (API version 3944462).
LogModuleManager: Display: Found up-to-date module file ../../../Engine/Plugins/Runtime/AudioCapture/Binaries/Win64/UE4Editor-AudioCapture.dll (API version 3944462).
LogModuleManager: Display: Found up-to-date module file ../../../Engine/Plugins/Runtime/AudioCapture/Binaries/Win64/UE4Editor-AudioCaptureEditor.dll (API version 3944462).
LogModuleManager: Display: Found up-to-date module file ../../../Engine/Plugins/Runtime/CableComponent/Binaries/Win64/UE4Editor-CableComponent.dll (API version 3944462).
LogModuleManager: Display: Found up-to-date module file ../../../Engine/Plugins/Runtime/CustomMeshComponent/Binaries/Win64/UE4Editor-CustomMeshComponent.dll (API version 3944462).
LogModuleManager: Display: Found up-to-date module file ../../../Engine/Plugins/Runtime/ExampleDeviceProfileSelector/Binaries/Win64/UE4Editor-ExampleDeviceProfileSelector.dll (API version 3944462).
LogModuleManager: Display: Found up-to-date module file ../../../Engine/Plugins/Runtime/ImmediatePhysics/Binaries/Win64/UE4Editor-ImmediatePhysics.dll (API version 3944462).
LogModuleManager: Display: Found up-to-date module file ../../../Engine/Plugins/Runtime/ImmediatePhysics/Binaries/Win64/UE4Editor-ImmediatePhysicsEditor.dll (API version 3944462).
LogModuleManager: Display: Found up-to-date module file ../../../Engine/Plugins/Runtime/LocationServicesBPLibrary/Binaries/Win64/UE4Editor-LocationServicesBPLibrary.dll (API version 3944462).
LogModuleManager: Display: Found up-to-date module file ../../../Engine/Plugins/Runtime/MobilePatchingUtils/Binaries/Win64/UE4Editor-MobilePatchingUtils.dll (API version 3944462).
LogModuleManager: Display: Found up-to-date module file ../../../Engine/Plugins/Runtime/Oculus/OculusVR/Binaries/Win64/UE4Editor-OculusHMD.dll (API version 3944462).
LogModuleManager: Display: Found up-to-date module file ../../../Engine/Plugins/Runtime/Oculus/OculusVR/Binaries/Win64/UE4Editor-OculusInput.dll (API version 3944462).
LogModuleManager: Display: Found up-to-date module file ../../../Engine/Plugins/Runtime/Oculus/OculusVR/Binaries/Win64/UE4Editor-OculusEditor.dll (API version 3944462).
LogModuleManager: Display: Found up-to-date module file ../../../Engine/Plugins/Runtime/PhysXVehicles/Binaries/Win64/UE4Editor-PhysXVehicles.dll (API version 3944462).
LogModuleManager: Display: Found up-to-date module file ../../../Engine/Plugins/Runtime/PhysXVehicles/Binaries/Win64/UE4Editor-PhysXVehiclesEditor.dll (API version 3944462).
LogModuleManager: Display: Found up-to-date module file ../../../Engine/Plugins/Runtime/ProceduralMeshComponent/Binaries/Win64/UE4Editor-ProceduralMeshComponent.dll (API version 3944462).
LogModuleManager: Display: Found up-to-date module file ../../../Engine/Plugins/Runtime/ProceduralMeshComponent/Binaries/Win64/UE4Editor-ProceduralMeshComponentEditor.dll (API version 3944462).
LogModuleManager: Display: Found up-to-date module file ../../../Engine/Plugins/Runtime/RuntimePhysXCooking/Binaries/Win64/UE4Editor-RuntimePhysXCooking.dll (API version 3944462).
LogModuleManager: Display: Found up-to-date module file ../../../Engine/Plugins/Runtime/Steam/SteamVR/Binaries/Win64/UE4Editor-SteamVR.dll (API version 3944462).
LogModuleManager: Display: Found up-to-date module file ../../../Engine/Plugins/Runtime/Steam/SteamVR/Binaries/Win64/UE4Editor-SteamVRController.dll (API version 3944462).
LogModuleManager: Display: Found up-to-date module file ../../../Engine/Plugins/Runtime/WindowsMoviePlayer/Binaries/Win64/UE4Editor-WindowsMoviePlayer.dll (API version 3944462).
LogInit: Using libcurl 7.47.1
LogInit:  - built for x86_64-pc-win32
LogInit:  - supports SSL with OpenSSL/1.0.2g
LogInit:  - supports HTTP deflate (compression) using libz 1.2.8
LogInit:  - other features:
LogInit:      CURL_VERSION_SSL
LogInit:      CURL_VERSION_LIBZ
LogInit:      CURL_VERSION_IPV6
LogInit:      CURL_VERSION_ASYNCHDNS
LogInit:      CURL_VERSION_LARGEFILE
LogInit:      CURL_VERSION_IDN
LogInit:  CurlRequestOptions (configurable via config and command line):
LogInit:  - bVerifyPeer = false  - Libcurl will NOT verify peer certificate
LogInit:  - bUseHttpProxy = false  - Libcurl will NOT use HTTP proxy
LogInit:  - bDontReuseConnections = false  - Libcurl will reuse connections
LogInit:  - CertBundlePath = nullptr  - Libcurl will use whatever was configured at build time.
LogInit:  - MaxHostConnections = 16  - Libcurl will limit the number of connections to a host
LogInit:  - LocalHostAddr = Default
LogInit: WinSock: version 1.1 (2.2), MaxSocks=32767, MaxUdp=65467
LogInit: WinSock: I am Z97-PC (192.168.0.107:0)
LogInit: Build: ++UE4+Release-4.19-CL-4033788
LogInit: Engine Version: 4.19.2-4033788+++UE4+Release-4.19
LogInit: Compatible Engine Version: 4.19.0-3944462+++UE4+Release-4.19
LogInit: Net CL: 3944462
LogDevObjectVersion: Number of dev versions registered: 18
LogDevObjectVersion:   Dev-Blueprints (B0D832E4-1F89-4F0D-ACCF-7EB736FD4AA2): 10
LogDevObjectVersion:   Dev-Build (E1C64328-A22C-4D53-A36C-8E866417BD8C): 0
LogDevObjectVersion:   Dev-Core (375EC13C-06E4-48FB-B500-84F0262A717E): 2
LogDevObjectVersion:   Dev-Editor (E4B068ED-F494-42E9-A231-DA0B2E46BB41): 23
LogDevObjectVersion:   Dev-Framework (CFFC743F-43B0-4480-9391-14DF171D2073): 33
LogDevObjectVersion:   Dev-Mobile (B02B49B5-BB20-44E9-A304-32B752E40360): 2
LogDevObjectVersion:   Dev-Networking (A4E4105C-59A1-49B5-A7C5-40C4547EDFEE): 0
LogDevObjectVersion:   Dev-Online (39C831C9-5AE6-47DC-9A44-9C173E1C8E7C): 0
LogDevObjectVersion:   Dev-Physics (78F01B33-EBEA-4F98-B9B4-84EACCB95AA2): 0
LogDevObjectVersion:   Dev-Platform (6631380F-2D4D-43E0-8009-CF276956A95A): 0
LogDevObjectVersion:   Dev-Rendering (12F88B9F-8875-4AFC-A67C-D90C383ABD29): 25
LogDevObjectVersion:   Dev-Sequencer (7B5AE74C-D270-4C10-A958-57980B212A5A): 6
LogDevObjectVersion:   Dev-VR (D7296918-1DD6-4BDD-9DE2-64A83CC13884): 1
LogDevObjectVersion:   Dev-LoadTimes (C2A15278-BFE7-4AFE-6C17-90FF531DF755): 1
LogDevObjectVersion:   Private-Geometry (6EACA3D4-40EC-4CC1-B786-8BED09428FC5): 2
LogDevObjectVersion:   Dev-AnimPhys (29E575DD-E0A3-4627-9D10-D276232CDCEA): 16
LogDevObjectVersion:   Dev-ReflectionCapture (6B266CEC-1EC7-4B8F-A30B-E4D90942FC07): 1
LogDevObjectVersion:   Dev-Automation (0DF73D61-A23F-47EA-B727-89E90C41499A): 1
LogInit: Compiled (64-bit): Apr 27 2018 02:06:57
LogInit: Compiled with Visual C++: 19.00.24215.01
LogInit: Build Configuration: Development
LogInit: Branch Name: ++UE4+Release-4.19
LogInit: Command Line:  
LogInit: Base Directory: C:/Program Files/Epic Games/UE_4.19/Engine/Binaries/Win64/
LogInit: Installed Engine Build: 1
LogStreaming: Display: Took  0.000s to delete old logs.
LogInit: Presizing for max 8388607 objects, including 0 objects not considered by GC, pre-allocating 0 bytes for permanent pool.
LogInit: Object subsystem initialized
[2018.07.24-02.55.54:821][  0]LogInit: Selected Device Profile: [Windows]
[2018.07.24-02.55.54:821][  0]LogInit: Applying CVar settings loaded from the selected device profile: [Windows]
[2018.07.24-02.55.54:876][  0]LogInit: Computer: Z97-PC
[2018.07.24-02.55.54:876][  0]LogInit: User: Vigneshwar
[2018.07.24-02.55.54:876][  0]LogInit: CPU Page size=4096, Cores=4
[2018.07.24-02.55.54:876][  0]LogInit: High frequency timer resolution =3.125011 MHz
[2018.07.24-02.55.54:877][  0]LogMemory: Memory total: Physical=8.0GB (8GB approx)
[2018.07.24-02.55.54:877][  0]LogMemory: Platform Memory Stats for Windows
[2018.07.24-02.55.54:877][  0]LogMemory: Process Physical Memory: 274.57 MB used, 274.57 MB peak
[2018.07.24-02.55.54:877][  0]LogMemory: Process Virtual Memory: 268.27 MB used, 268.27 MB peak
[2018.07.24-02.55.54:877][  0]LogMemory: Physical Memory: 5109.45 MB used,  3034.40 MB free, 8143.86 MB total
[2018.07.24-02.55.54:877][  0]LogMemory: Virtual Memory: 4787.46 MB used,  3034.40 MB free, 134217728.00 MB total
[2018.07.24-02.55.55:184][  0]LogInit: Using OS detected language (en-US).
[2018.07.24-02.55.55:184][  0]LogInit: Using OS detected locale (en-US).
[2018.07.24-02.55.55:576][  0]LogTextLocalizationManager: No specific localization for 'en-US' exists, so the 'en' localization will be used.
[2018.07.24-02.55.56:461][  0]LogStreaming: Display: Took  1.276s to EndInitTextLocalization.
[2018.07.24-02.55.56:461][  0]LogInit: Setting process to per monitor DPI aware
[2018.07.24-02.55.56:962][  0]LogSlate: New Slate User Created.  User Index 0, Is Virtual User: 0
[2018.07.24-02.55.56:962][  0]LogSlate: Slate User Registered.  User Index 0, Is Virtual User: 0
[2018.07.24-02.55.57:831][  0]LogD3D11RHI: D3D11 adapters:
[2018.07.24-02.55.57:984][  0]LogD3D11RHI:    0. 'NVIDIA GeForce GTX 970' (Feature Level 11_0)
[2018.07.24-02.55.57:984][  0]LogD3D11RHI:       4058/0/4071 MB DedicatedVideo/DedicatedSystem/SharedSystem, Outputs:1, VendorId:0x10de
[2018.07.24-02.55.58:001][  0]LogD3D11RHI:    1. 'Microsoft Basic Render Driver' (Feature Level 11_0)
[2018.07.24-02.55.58:001][  0]LogD3D11RHI:       0/0/4071 MB DedicatedVideo/DedicatedSystem/SharedSystem, Outputs:0, VendorId:0x1414
[2018.07.24-02.55.58:001][  0]LogD3D11RHI: Chosen D3D11 Adapter: 0
[2018.07.24-02.55.58:010][  0]LogD3D11RHI: Creating new Direct3DDevice
[2018.07.24-02.55.58:010][  0]LogD3D11RHI:     GPU DeviceId: 0x13c2 (for the marketing name, search the web for "GPU Device Id")
[2018.07.24-02.55.58:010][  0]LogWindows: EnumDisplayDevices:
[2018.07.24-02.55.58:010][  0]LogWindows:    0. 'NVIDIA GeForce GTX 970' (P:1 D:1)
[2018.07.24-02.55.58:010][  0]LogWindows:    1. 'NVIDIA GeForce GTX 970' (P:0 D:0)
[2018.07.24-02.55.58:010][  0]LogWindows:    2. 'NVIDIA GeForce GTX 970' (P:0 D:0)
[2018.07.24-02.55.58:010][  0]LogWindows:    3. 'NVIDIA GeForce GTX 970' (P:0 D:0)
[2018.07.24-02.55.58:011][  0]LogWindows: DebugString: GetVideoDriverDetailsInvalid PrimaryIsNotTheChoosenAdapter GetVideoDriverDetailsInvalid PrimaryIsNotTheChoosenAdapter GetVideoDriverDetailsInvalid PrimaryIsNotTheChoosenAdapter GetVideoDriverDetailsInvalid PrimaryIsNotTheChoosenAdapter FoundDriverCount:0 
[2018.07.24-02.55.58:011][  0]LogD3D11RHI:     Adapter Name: NVIDIA GeForce GTX 970
[2018.07.24-02.55.58:011][  0]LogD3D11RHI:   Driver Version: Unknown (internal:Unknown, unified:Unknown)
[2018.07.24-02.55.58:011][  0]LogD3D11RHI:      Driver Date: Unknown
[2018.07.24-02.55.58:011][  0]LogRHI: Texture pool is 2840 MB (70% of 4058 MB)
[2018.07.24-02.55.58:034][  0]LogD3D11RHI: [Aftermath] Aftermath enabled and primed
[2018.07.24-02.55.58:034][  0]LogD3D11RHI: [Aftermath] Aftermath enabled and primed
[2018.07.24-02.55.58:034][  0]LogD3D11RHI: Async texture creation enabled
[2018.07.24-02.55.58:117][  0]LogD3D11RHI: GPU Timing Frequency: 1000.000000 (Debug: 2 1)
[2018.07.24-02.55.58:165][  0]LogShaderCompilers: Guid format shader working directory is -28 characters bigger than the processId version (../../../../../../Users/Vigneshwar/Documents/Unreal Projects/CheatingSimulator/Intermediate/Shaders/WorkingDirectory/31668/).
[2018.07.24-02.55.58:165][  0]LogShaderCompilers: Cleaned the shader compiler working directory 'C:/Users/Vigneshwar/AppData/Local/Temp/UnrealShaderWorkingDir/E22E1C4F49F2688B4B359A9EE8B5CDC3/'.
[2018.07.24-02.55.59:971][  0]LogTemp: Display: Loaded TP AllDesktopTargetPlatform
[2018.07.24-02.55.59:987][  0]LogTemp: Display: Loaded TP MacClientTargetPlatform
[2018.07.24-02.56.00:003][  0]LogTemp: Display: Loaded TP MacNoEditorTargetPlatform
[2018.07.24-02.56.00:019][  0]LogTemp: Display: Loaded TP MacServerTargetPlatform
[2018.07.24-02.56.00:086][  0]LogTemp: Display: Loaded TP MacTargetPlatform
[2018.07.24-02.56.00:102][  0]LogTemp: Display: Loaded TP WindowsClientTargetPlatform
[2018.07.24-02.56.00:118][  0]LogTemp: Display: Loaded TP WindowsNoEditorTargetPlatform
[2018.07.24-02.56.00:134][  0]LogTemp: Display: Loaded TP WindowsServerTargetPlatform
[2018.07.24-02.56.00:142][  0]LogTemp: Display: Loaded TP WindowsTargetPlatform
[2018.07.24-02.56.00:156][  0]LogTemp: Display: Loaded TP Android_ASTCTargetPlatform
[2018.07.24-02.56.00:170][  0]LogTemp: Display: Loaded TP Android_ATCTargetPlatform
[2018.07.24-02.56.00:183][  0]LogTemp: Display: Loaded TP Android_DXTTargetPlatform
[2018.07.24-02.56.00:197][  0]LogTemp: Display: Loaded TP Android_ETC1aTargetPlatform
[2018.07.24-02.56.00:211][  0]LogTemp: Display: Loaded TP Android_ETC1TargetPlatform
[2018.07.24-02.56.00:224][  0]LogTemp: Display: Loaded TP Android_ETC2TargetPlatform
[2018.07.24-02.56.00:252][  0]LogTemp: Display: Loaded TP Android_MultiTargetPlatform
[2018.07.24-02.56.00:252][  0]LogTemp: Display: Loaded TP Android_PVRTCTargetPlatform
[2018.07.24-02.56.00:305][  0]LogTemp: Display: Loaded TP AndroidTargetPlatform
[2018.07.24-02.56.00:316][  0]LogTemp: Display: Loaded TP HTML5TargetPlatform
[2018.07.24-02.56.00:380][  0]LogTemp: Display: Loaded TP IOSTargetPlatform
[2018.07.24-02.56.00:393][  0]LogTemp: Display: Loaded TP TVOSTargetPlatform
[2018.07.24-02.56.00:406][  0]LogTemp: Display: Loaded TP LinuxClientTargetPlatform
[2018.07.24-02.56.00:419][  0]LogTemp: Display: Loaded TP LinuxNoEditorTargetPlatform
[2018.07.24-02.56.00:433][  0]LogTemp: Display: Loaded TP LinuxServerTargetPlatform
[2018.07.24-02.56.00:466][  0]LogTemp: Display: Loaded TP LinuxTargetPlatform
[2018.07.24-02.56.00:466][  0]LogTargetPlatformManager: Display: Building Assets For Windows
[2018.07.24-02.56.01:018][  0]LogXGEController: Cleaning working directory: C:/Users/Vigneshwar/AppData/Local/Temp/UnrealXGEWorkingDir/
[2018.07.24-02.56.01:018][  0]LogXGEController: Cannot use XGE Controller as Incredibuild is not installed on this machine.
[2018.07.24-02.56.01:018][  0]LogShaderCompilers: Cannot use XGE Shader Compiler as Incredibuild is not installed on this machine.
[2018.07.24-02.56.01:018][  0]LogShaderCompilers: Display: Using Local Shader Compiler.
[2018.07.24-02.56.02:146][  0]LogDerivedDataCache: Display: Max Cache Size: 512 MB
[2018.07.24-02.56.02:922][  0]LogDerivedDataCache: Loaded boot cache 0.78s 77MB C:/Users/Vigneshwar/AppData/Local/UnrealEngine/4.19/DerivedDataCache/Boot.ddc.
[2018.07.24-02.56.02:922][  0]LogDerivedDataCache: Display: Loaded Boot cache: C:/Users/Vigneshwar/AppData/Local/UnrealEngine/4.19/DerivedDataCache/Boot.ddc
[2018.07.24-02.56.02:922][  0]LogDerivedDataCache: FDerivedDataBackendGraph:  Pak pak cache file ../../../../../../Users/Vigneshwar/Documents/Unreal Projects/CheatingSimulator/DerivedDataCache/DDC.ddp not found, will not use a pak cache.
[2018.07.24-02.56.02:922][  0]LogDerivedDataCache: Unable to find inner node Pak for hierarchical cache Hierarchy.
[2018.07.24-02.56.02:922][  0]LogDerivedDataCache: FDerivedDataBackendGraph:  CompressedPak pak cache file ../../../../../../Users/Vigneshwar/Documents/Unreal Projects/CheatingSimulator/DerivedDataCache/Compressed.ddp not found, will not use a pak cache.
[2018.07.24-02.56.02:922][  0]LogDerivedDataCache: Unable to find inner node CompressedPak for hierarchical cache Hierarchy.
[2018.07.24-02.56.02:970][  0]LogDerivedDataCache: Display: Pak cache opened for reading ../../../Engine/DerivedDataCache/Compressed.ddp.
[2018.07.24-02.56.03:027][  0]LogDerivedDataCache: Using Local data cache path C:/Users/Vigneshwar/AppData/Local/UnrealEngine/Common/DerivedDataCache: Writable
[2018.07.24-02.56.03:027][  0]LogDerivedDataCache: Shared data cache path not found in *engine.ini, will not use an Shared cache.
[2018.07.24-02.56.03:027][  0]LogDerivedDataCache: Unable to find inner node Shared for hierarchical cache Hierarchy.
[2018.07.24-02.56.03:039][  0]LogMaterial: Verifying Global Shaders for PCD3D_SM5
[2018.07.24-02.56.03:039][  0]LogSlate: Using Freetype 2.6.0
[2018.07.24-02.56.03:098][  0]LogSlate: SlateFontCache - WITH_FREETYPE: 1, WITH_HARFBUZZ: 1
[2018.07.24-02.56.03:098][  0]LogSlate: SlateFontCache - WITH_FREETYPE: 1, WITH_HARFBUZZ: 1
[2018.07.24-02.56.06:815][  0]LogAssetRegistry: FAssetRegistry took 0.0266 seconds to start up
[2018.07.24-02.56.08:491][  0]LogInit: Selected Device Profile: [Windows]
[2018.07.24-02.56.09:094][  0]LogSimplygon: Simplygon DLL not present - disabling.
[2018.07.24-02.56.09:129][  0]LogMeshReduction: Using SimplygonSwarm for distributed automatic mesh merging
[2018.07.24-02.56.09:129][  0]LogMeshReduction: Using QuadricMeshReduction for automatic static mesh reduction
[2018.07.24-02.56.09:129][  0]LogMeshReduction: No automatic skeletal mesh reduction module available
[2018.07.24-02.56.09:129][  0]LogMeshReduction: No automatic mesh merging module available
[2018.07.24-02.56.09:129][  0]LogMeshMerging: No automatic mesh merging module available
[2018.07.24-02.56.09:215][  0]LogNetVersion: CheatingSimulator , NetCL: 3944462, EngineNetVer: 2, GameNetVer: 0 (Checksum: 273675587)
[2018.07.24-02.56.10:364][  0]LogPackageLocalizationCache: Processed 9 localized package path(s) for 2 prioritized culture(s) in 0.079489 seconds
[2018.07.24-02.56.10:369][  0]LogUObjectArray: 36728 objects as part of root set at end of initial load.
[2018.07.24-02.56.10:369][  0]LogUObjectAllocator: 7314312 out of 0 bytes used by permanent object pool.
[2018.07.24-02.56.10:369][  0]LogUObjectArray: CloseDisregardForGC: 0/0 objects in disregard for GC pool
[2018.07.24-02.56.39:175][  0]LogTcpMessaging: Initializing TcpMessaging bridge
[2018.07.24-02.56.39:232][  0]LogUdpMessaging: Initializing bridge on interface 0.0.0.0:0 to multicast group 230.0.0.1:6666.
[2018.07.24-02.56.39:654][  0]LogUObjectGlobals: Created PersistentFrame Addr=0x000001c1a4fc9a00, Size=64, Default__ThirdPerson_AnimBP_C Function /Game/Mannequin/Animations/ThirdPerson_AnimBP.ThirdPerson_AnimBP_C:ExecuteUbergraph_ThirdPerson_AnimBP
[2018.07.24-02.56.39:664][  0]LogUObjectGlobals: Destroyed PersistentFrame Addr=0x000001c1a4fc9a00, Size=64
[2018.07.24-02.56.39:664][  0]LogUObjectGlobals: Created PersistentFrame Addr=0x000001c1a4fc9a00, Size=64, Default__ThirdPerson_AnimBP_C Function /Engine/Transient.REINST_ThirdPerson_AnimBP_C_0:ExecuteUbergraph_ThirdPerson_AnimBP
[2018.07.24-02.56.39:673][  0]LogUObjectGlobals: Created PersistentFrame Addr=0x000001c1a4c7a660, Size=72, Default__ThirdPerson_AnimBP_C Function /Game/Mannequin/Animations/ThirdPerson_AnimBP.ThirdPerson_AnimBP_C:ExecuteUbergraph_ThirdPerson_AnimBP
[2018.07.24-02.56.39:850][  0]LogSkeletalMesh: Skeletal Mesh found in DDC [2.124152ms] /Game/Mannequin/Character/Mesh/SK_Mannequin.SK_Mannequin
[2018.07.24-02.56.40:536][  0]SourceControl: Source control is disabled
[2018.07.24-02.56.40:536][  0]SourceControl: Source control is disabled
[2018.07.24-02.56.40:588][  0]SourceControl: Source control is disabled
[2018.07.24-02.56.40:636][  0]SourceControl: Source control is disabled
[2018.07.24-02.56.42:378][  0]LogAndroidPermission: UAndroidPermissionCallbackProxy::GetInstance
[2018.07.24-02.56.42:907][  0]LogOcInput: OculusInput pre-init called
[2018.07.24-02.56.43:211][  0]LogEngine: Initializing Engine...
[2018.07.24-02.56.43:212][  0]LogHMD: Failed to initialize OpenVR with code 110
[2018.07.24-02.56.43:214][  0]LogStats: UGameplayTagsManager::ConstructGameplayTagTree: Construct from data asset -  0.000 s
[2018.07.24-02.56.43:214][  0]LogStats: UGameplayTagsManager::ConstructGameplayTagTree: GameplayTagTreeChangedEvent.Broadcast -  0.000 s
[2018.07.24-02.56.43:712][  0]LogAIModule: Creating AISystem for world Untitled
[2018.07.24-02.56.43:747][  0]LogInit: XAudio2 using 'Speakers (Realtek High Definition Audio)' : 6 channels at 48 kHz using 32 bits per sample (channel mask 0x3f)
[2018.07.24-02.56.43:784][  0]LogInit: FAudioDevice initialized.
[2018.07.24-02.56.43:948][  0]LogDerivedDataCache: Saved boot cache 0.16s 77MB C:/Users/Vigneshwar/AppData/Local/UnrealEngine/4.19/DerivedDataCache/Boot.ddc.
[2018.07.24-02.56.43:958][  0]LogInit: Texture streaming: Enabled
[2018.07.24-02.56.44:085][  0]LogEngineSessionManager: EngineSessionManager initialized
[2018.07.24-02.56.44:157][  0]LogInit: Transaction tracking system initialized
[2018.07.24-02.56.44:345][  0]BlueprintLog: New page: Editor Load
[2018.07.24-02.56.44:959][  0]LocalizationService: Localization service is disabled
[2018.07.24-02.56.45:432][  0]LogConsoleResponse: Display: 
[2018.07.24-02.56.45:885][  0]LogCook: Display: Max memory allowance for cook 16384mb min free memory 0mb
[2018.07.24-02.56.45:885][  0]LogCook: Display: Mobile HDR setting 1
[2018.07.24-02.56.45:885][  0]LogGameplayTags: Display: UGameplayTagsManager::DoneAddingNativeTags. DelegateIsBound: 0
[2018.07.24-02.56.45:885][  0]LogStats: UGameplayTagsManager::ConstructGameplayTagTree: Construct from data asset -  0.000 s
[2018.07.24-02.56.45:885][  0]LogStats: UGameplayTagsManager::ConstructGameplayTagTree: GameplayTagTreeChangedEvent.Broadcast -  0.000 s
[2018.07.24-02.56.46:547][  0]LogFileCache: Scanning file cache for directory 'C:/Users/Vigneshwar/Documents/Unreal Projects/CheatingSimulator/Content/' took 0.01s
[2018.07.24-02.56.47:436][  0]SourceControl: Source control is disabled
[2018.07.24-02.56.47:436][  0]Cmd: MAP LOAD FILE="../../../../../../Users/Vigneshwar/Documents/Unreal Projects/CheatingSimulator/Content/ThirdPersonCPP/Maps/ThirdPersonExampleMap.umap" TEMPLATE=0 SHOWPROGRESS=1 FEATURELEVEL=3
[2018.07.24-02.56.47:436][  0]LightingResults: New page: Lighting Build
[2018.07.24-02.56.47:456][  0]MapCheck: New page: Map Check
[2018.07.24-02.56.47:456][  0]LightingResults: New page: Lighting Build
[2018.07.24-02.56.47:471][  0]LogUObjectGlobals: Destroyed PersistentFrame Addr=0x000001c1a4fc9a00, Size=64
[2018.07.24-02.56.48:030][  0]LogAIModule: Creating AISystem for world ThirdPersonExampleMap
[2018.07.24-02.56.48:038][  0]LogEditorServer: Finished looking for orphan Actors (0.000 secs)
[2018.07.24-02.56.48:054][  0]Cmd: MAP CHECKDEP NOCLEARLOG
[2018.07.24-02.56.48:140][  0]MapCheck: Map check complete: 0 Error(s), 0 Warning(s), took 85.346ms to complete.
[2018.07.24-02.56.48:140][  0]LogFileHelpers: Loading map 'ThirdPersonExampleMap' took 0.704
[2018.07.24-02.56.48:712][  0]LogCollectionManager: Loaded 0 collections in 0.003071 seconds
[2018.07.24-02.56.48:783][  0]LogFileCache: Scanning file cache for directory 'C:/Users/Vigneshwar/Documents/Unreal Projects/CheatingSimulator/Saved/Collections/' took 0.01s
[2018.07.24-02.56.48:783][  0]LogFileCache: Scanning file cache for directory 'C:/Users/Vigneshwar/Documents/Unreal Projects/CheatingSimulator/Content/Developers/Vigneshwar/Collections/' took 0.01s
[2018.07.24-02.56.48:783][  0]LogFileCache: Scanning file cache for directory 'C:/Users/Vigneshwar/Documents/Unreal Projects/CheatingSimulator/Content/Collections/' took 0.01s
[2018.07.24-02.56.48:783][  0]LogCollectionManager: Rebuilt the GUID cache for 0 collections in 0.000000 seconds
[2018.07.24-02.56.48:794][  0]LogContentBrowser: Native class hierarchy populated in 0.0107 seconds. Added 2455 classes and 560 folders.
[2018.07.24-02.56.48:872][  0]LogContentBrowser: Native class hierarchy updated for 'WidgetCarousel' in 0.0008 seconds. Added 0 classes and 0 folders.
[2018.07.24-02.56.49:821][  0]LogContentBrowser: Native class hierarchy updated for 'AddContentDialog' in 0.0008 seconds. Added 0 classes and 0 folders.
[2018.07.24-02.56.49:850][  0]LogContentBrowser: Native class hierarchy updated for 'SceneOutliner' in 0.0008 seconds. Added 1 classes and 2 folders.
[2018.07.24-02.56.49:976][  0]LogSlate: Took 0.019082 seconds to synchronously load lazily loaded font '../../../Engine/Content/Slate/Fonts/Roboto-Regular.ttf' (155K)
[2018.07.24-02.56.49:986][  0]LogSlate: Took 0.007295 seconds to synchronously load lazily loaded font '../../../Engine/Content/Slate/Fonts/Roboto-Bold.ttf' (160K)
[2018.07.24-02.56.50:003][  0]LogSlate: Took 0.012118 seconds to synchronously load lazily loaded font '../../../Engine/Content/Editor/Slate/Fonts/FontAwesome.ttf' (139K)
[2018.07.24-02.56.50:160][  0]LogRenderer: Reallocating scene render targets to support 1208x580 Format 10 NumSamples 1 (Frame:1).
[2018.07.24-02.56.50:223][  0]LogSlate: Took 0.025690 seconds to synchronously load lazily loaded font '../../../Engine/Content/Slate/Fonts/Roboto-Light.ttf' (167K)
[2018.07.24-02.56.50:417][  0]LogContentBrowser: Native class hierarchy updated for 'HierarchicalLODOutliner' in 0.0009 seconds. Added 0 classes and 0 folders.
[2018.07.24-02.56.50:417][  0]LogLoad: (Engine Initialization) Total time: 63.48 seconds
[2018.07.24-02.56.50:417][  0]LogLoad: (Engine Initialization) Total Blueprint compile time: 0.00 seconds
[2018.07.24-02.56.50:797][  0]LogContentStreaming: Texture pool size now 1000 MB
[2018.07.24-02.56.51:435][  2]LogAssetRegistry: Asset discovery search completed in 44.6412 seconds
[2018.07.24-02.56.51:438][  2]LogCollectionManager: Rebuilt the object cache for 0 collections in 0.000005 seconds (found 0 objects)
[2018.07.24-02.56.51:438][  2]LogCollectionManager: Fixed up redirectors for 0 collections in 0.000102 seconds (updated 0 objects)
[2018.07.24-02.56.55:765][435]LogSlate: FSceneViewport::OnFocusLost() reason 0
[2018.07.24-02.57.40:582][389]LogSlate: Took 0.000284 seconds to synchronously load lazily loaded font '../../../Engine/Content/Slate/Fonts/Roboto-Light.ttf' (167K)
[2018.07.24-02.57.40:873][389]LogContentBrowser: Native class hierarchy updated for 'BlueprintGraph' in 0.0012 seconds. Added 116 classes and 0 folders.
[2018.07.24-02.57.41:186][389]LogUObjectGlobals: Created PersistentFrame Addr=0x000001c20571c768, Size=4, Default__SKEL_PROTO_BP_AnimBlueprint_0_C Function /Engine/Transient.SKEL_PROTO_BP_AnimBlueprint_0_C:ExecuteUbergraph_PROTO_BP_AnimBlueprint_0
[2018.07.24-02.57.41:187][389]LogUObjectGlobals: Created PersistentFrame Addr=0x000001c20571c760, Size=4, Default__PROTO_BP_AnimBlueprint_0_C Function /Engine/Transient.PROTO_BP_AnimBlueprint_0_C:ExecuteUbergraph_PROTO_BP_AnimBlueprint_0
[2018.07.24-02.58.03:249][213]LogSlate: Window 'ThirdPersonCharacter' being destroyed
[2018.07.24-02.58.03:252][213]LogSlate: Window 'ThirdPersonCharacter' being destroyed
[2018.07.24-02.59.02:679][269]LogSlate: Only BGRA pngs, bmps or icos are supported in by External Image Picker
[2018.07.24-02.59.02:996][271]LogTemp: Executing iPhonePackager certificates Engine -bundlename com.YourCompany.CheatingSimulator
[2018.07.24-02.59.02:996][271]LogTemp: CWD: C:\Program Files\Epic Games\UE_4.19\Engine\Binaries\DotNET\IOS
[2018.07.24-02.59.02:996][271]LogTemp: Initial Dir: C:\Program Files\Epic Games\UE_4.19
[2018.07.24-02.59.02:996][271]LogTemp: Env CWD: C:\Program Files\Epic Games\UE_4.19\Engine\Binaries\DotNET\IOS
[2018.07.24-02.59.02:996][271]LogTemp: BranchPath = Z97-PC/C/Program Files/Epic Games/UE_4.19/Engine/Binaries --- GameBranchPath = Z97-PC/C/Program Files/Epic Games/UE_4.19/Engine/Binaries
[2018.07.24-02.59.03:077][272]LogTemp: IPP ERROR: Could not find provision directory 'C:\Users\Vigneshwar\AppData\Local/Apple Computer/MobileDevice/Provisioning Profiles/'.
[2018.07.24-02.59.19:651][991]LogSlate: Window 'Project Settings' being destroyed
[2018.07.24-02.59.19:653][991]LogSlate: Window 'Project Settings' being destroyed
[2018.07.24-02.59.35:872][299]LogSlate: Only BGRA pngs, bmps or icos are supported in by External Image Picker
[2018.07.24-02.59.36:656][330]LogTemp: Executing iPhonePackager certificates Engine -bundlename com.YourCompany.CheatingSimulator
[2018.07.24-02.59.36:656][330]LogTemp: CWD: C:\Program Files\Epic Games\UE_4.19\Engine\Binaries\DotNET\IOS
[2018.07.24-02.59.36:656][330]LogTemp: Initial Dir: C:\Program Files\Epic Games\UE_4.19
[2018.07.24-02.59.36:656][330]LogTemp: Env CWD: C:\Program Files\Epic Games\UE_4.19\Engine\Binaries\DotNET\IOS
[2018.07.24-02.59.36:687][332]LogTemp: BranchPath = Z97-PC/C/Program Files/Epic Games/UE_4.19/Engine/Binaries --- GameBranchPath = Z97-PC/C/Program Files/Epic Games/UE_4.19/Engine/Binaries
[2018.07.24-02.59.36:781][334]LogTemp: IPP ERROR: Could not find provision directory 'C:\Users\Vigneshwar\AppData\Local/Apple Computer/MobileDevice/Provisioning Profiles/'.
[2018.07.24-02.59.43:961][866]LogSlate: Window 'Project Settings' being destroyed
[2018.07.24-02.59.43:964][866]LogSlate: Window 'Project Settings' being destroyed
[2018.07.24-02.59.44:979][947]LogSlate: Window 'ThirdPersonCharacter' being destroyed
[2018.07.24-02.59.44:981][947]LogSlate: Window 'ThirdPersonCharacter' being destroyed
[2018.07.24-02.59.58:517][615]LogSlate: Only BGRA pngs, bmps or icos are supported in by External Image Picker
[2018.07.24-02.59.58:942][620]LogTemp: Executing iPhonePackager certificates Engine -bundlename com.YourCompany.CheatingSimulator
[2018.07.24-02.59.58:942][620]LogTemp: CWD: C:\Program Files\Epic Games\UE_4.19\Engine\Binaries\DotNET\IOS
[2018.07.24-02.59.58:942][620]LogTemp: Initial Dir: C:\Program Files\Epic Games\UE_4.19
[2018.07.24-02.59.58:942][620]LogTemp: Env CWD: C:\Program Files\Epic Games\UE_4.19\Engine\Binaries\DotNET\IOS
[2018.07.24-02.59.58:977][622]LogTemp: BranchPath = Z97-PC/C/Program Files/Epic Games/UE_4.19/Engine/Binaries --- GameBranchPath = Z97-PC/C/Program Files/Epic Games/UE_4.19/Engine/Binaries
[2018.07.24-02.59.59:060][630]LogTemp: IPP ERROR: Could not find provision directory 'C:\Users\Vigneshwar\AppData\Local/Apple Computer/MobileDevice/Provisioning Profiles/'.
[2018.07.24-03.00.57:254][850]LogSlate: Window 'Project Settings' being destroyed
[2018.07.24-03.00.57:258][850]LogSlate: Window 'Project Settings' being destroyed
[2018.07.24-03.01.06:711][922]LogVSAccessor: Warning: Couldn't access Visual Studio
[2018.07.24-03.01.06:715][922]Candidate modules for hot reload:
[2018.07.24-03.01.06:715][922]  CheatingSimulator
[2018.07.24-03.01.06:715][922]Launching UnrealBuildTool... [C:/Program Files/Epic Games/UE_4.19/Engine/Binaries/DotNET/UnrealBuildTool.exe CheatingSimulator -ModuleWithSuffix=CheatingSimulator,2209 Win64 Development -editorrecompile -canskiplink "C:/Users/Vigneshwar/Documents/Unreal Projects/CheatingSimulator/CheatingSimulator.uproject" ]
[2018.07.24-03.01.06:717][922]Warning: Starting HotReload took  0.1s.
[2018.07.24-03.02.01:663][365]CompilerResultsLog: New page: Compilation - Jul 23, 2018, 7:02:01 PM
[2018.07.24-03.02.01:663][365]CompilerResultsLog: Using 'git status' to determine working set for adaptive non-unity build.
[2018.07.24-03.02.01:663][365]CompilerResultsLog: Creating makefile for hot reloading CheatingSimulator (ini files are newer than UBTMakefile)
[2018.07.24-03.02.01:663][365]CompilerResultsLog: Compiling game modules for hot reload
[2018.07.24-03.02.01:663][365]CompilerResultsLog: Parsing headers for CheatingSimulatorEditor
[2018.07.24-03.02.01:663][365]CompilerResultsLog:   Running UnrealHeaderTool "C:\Users\Vigneshwar\Documents\Unreal Projects\CheatingSimulator\CheatingSimulator.uproject" "C:\Users\Vigneshwar\Documents\Unreal Projects\CheatingSimulator\Intermediate\Build\Win64\CheatingSimulatorEditor\Development\CheatingSimulatorEditor.uhtmanifest" -LogCmds="loginit warning, logexit warning, logdatabase error" -Unattended -WarningsAsErrors -installed
[2018.07.24-03.02.01:664][365]CompilerResultsLog: Reflection code generated for CheatingSimulatorEditor in 10.5495011 seconds
[2018.07.24-03.02.01:664][365]CompilerResultsLog: Performing 5 actions (4 in parallel)
[2018.07.24-03.02.01:664][365]CompilerResultsLog: CheatingSimulatorGameMode.cpp
[2018.07.24-03.02.01:664][365]CompilerResultsLog: CheatingSimulatorCharacter.gen.cpp
[2018.07.24-03.02.01:664][365]CompilerResultsLog: CheatingSimulatorCharacter.cpp
[2018.07.24-03.02.01:664][365]CompilerResultsLog: Error: C:\Users\Vigneshwar\Documents\Unreal Projects\CheatingSimulator\Source\CheatingSimulator\CheatingSimulatorCharacter.h(43) : warning C4263: 'void ACheatingSimulatorCharacter::Crouch(void)': member function does not override any base class virtual member function
[2018.07.24-03.02.01:664][365]CompilerResultsLog: Error: c:\users\vigneshwar\documents\unreal projects\cheatingsimulator\source\cheatingsimulator\CheatingSimulatorCharacter.h(43) : warning C4263: 'void ACheatingSimulatorCharacter::Crouch(void)': member function does not override any base class virtual member functionc:\users\vigneshwar\documents\unreal projects\cheatingsimulator\source\cheatingsimulator\CheatingSimulatorCharacter.h(43): warning C4263: 'void ACheatingSimulatorCharacter::Crouch(void)': member function does not override any base class virtual member function
[2018.07.24-03.02.01:699][365]CompilerResultsLog: 
[2018.07.24-03.02.01:699][365]CompilerResultsLog: Error: C:\Users\Vigneshwar\Documents\Unreal Projects\CheatingSimulator\Source\CheatingSimulator\CheatingSimulatorCharacter.h(74) : warning C4264: 'void ACharacter::Crouch(bool)': no override available for virtual member function from base 'ACharacter'; function is hidden
[2018.07.24-03.02.01:699][365]CompilerResultsLog: Error: c:\users\vigneshwar\documents\unreal projects\cheatingsimulator\source\cheatingsimulator\CheatingSimulatorCharacter.h(74) : warning C4264: 'void ACharacter::Crouch(bool)': no override available for virtual member function from base 'ACharacter'; function is hiddenc:\users\vigneshwar\documents\unreal projects\cheatingsimulator\source\cheatingsimulator\CheatingSimulatorCharacter.h(74): warning C4264: 'void ACharacter::Crouch(bool)': no override available for virtual member function from base 'ACharacter'; function is hidden
[2018.07.24-03.02.01:699][365]CompilerResultsLog: 
[2018.07.24-03.02.01:699][365]CompilerResultsLog: Error: C:\Program Files\Epic Games\UE_4.19\Engine\Source\Runtime\Engine\Classes\GameFramework/Character.h(701) : note: see declaration of 'ACharacter::Crouch'C:\Program Files\Epic Games\UE_4.19\Engine\Source\Runtime\Engine\Classes\GameFramework/Character.h(701): note: see declaration of 'ACharacter::Crouch'C:\Program Files\Epic Games\UE_4.19\Engine\Source\Runtime\Engine\Classes\GameFramework/Character.h(701): note: see declaration of 'ACharacter::Crouch'
[2018.07.24-03.02.01:699][365]CompilerResultsLog: 
[2018.07.24-03.02.01:699][365]CompilerResultsLog: 
[2018.07.24-03.02.01:699][365]CompilerResultsLog: Error: C:\Program Files\Epic Games\UE_4.19\Engine\Source\Runtime\Engine\Classes\GameFramework/Character.h(210) : note: see declaration of 'ACharacter'C:\Program Files\Epic Games\UE_4.19\Engine\Source\Runtime\Engine\Classes\GameFramework/Character.h(210): note: see declaration of 'ACharacter'
[2018.07.24-03.02.01:699][365]CompilerResultsLog: 
[2018.07.24-03.02.01:699][365]CompilerResultsLog: Error: C:\Program Files\Epic Games\UE_4.19\Engine\Source\Runtime\Engine\Classes\GameFramework/Character.h(210) : note: see declaration of 'ACharacter'
[2018.07.24-03.02.01:699][365]CompilerResultsLog: [4/5] Link UE4Editor-CheatingSimulator-2209.dll
[2018.07.24-03.02.01:699][365]CompilerResultsLog: [5/5] Link UE4Editor-CheatingSimulator-2209.lib
[2018.07.24-03.02.01:699][365]CompilerResultsLog:    Creating library C:\Users\Vigneshwar\Documents\Unreal Projects\CheatingSimulator\Intermediate\Build\Win64\UE4Editor\Development\UE4Editor-CheatingSimulator-2209.lib and object C:\Users\Vigneshwar\Documents\Unreal Projects\CheatingSimulator\Intermediate\Build\Win64\UE4Editor\Development\UE4Editor-CheatingSimulator-2209.exp
[2018.07.24-03.02.01:699][365]CompilerResultsLog:    Creating library C:\Users\Vigneshwar\Documents\Unreal Projects\CheatingSimulator\Intermediate\Build\Win64\UE4Editor\Development\UE4Editor-CheatingSimulator-2209.suppressed.lib and object C:\Users\Vigneshwar\Documents\Unreal Projects\CheatingSimulator\Intermediate\Build\Win64\UE4Editor\Development\UE4Editor-CheatingSimulator-2209.suppressed.exp
[2018.07.24-03.02.01:699][365]CompilerResultsLog: Total build time: 53.08 seconds (Local executor: 27.16 seconds)
[2018.07.24-03.02.01:699][365]LogMainFrame: MainFrame: Module compiling took 54.988 seconds
[2018.07.24-03.02.01:743][365]LogContentBrowser: Native class hierarchy updated for 'CheatingSimulator' in 0.0008 seconds. Added 3 classes and 2 folders.
[2018.07.24-03.02.01:746][365]Display: HotReload successful (0 functions remapped  0 scriptstructs remapped)
[2018.07.24-03.02.02:254][365]LogContentBrowser: Native class hierarchy populated in 0.0125 seconds. Added 2456 classes and 562 folders.
[2018.07.24-03.02.02:254][365]Display: HotReload took 55.6s.
[2018.07.24-03.02.24:617][577]LogVSAccessor: Warning: Couldn't access Visual Studio
[2018.07.24-03.02.24:620][577]Candidate modules for hot reload:
[2018.07.24-03.02.24:620][577]  CheatingSimulator
[2018.07.24-03.02.24:620][577]Launching UnrealBuildTool... [C:/Program Files/Epic Games/UE_4.19/Engine/Binaries/DotNET/UnrealBuildTool.exe CheatingSimulator -ModuleWithSuffix=CheatingSimulator,9667 Win64 Development -editorrecompile -canskiplink "C:/Users/Vigneshwar/Documents/Unreal Projects/CheatingSimulator/CheatingSimulator.uproject" ]
[2018.07.24-03.02.24:622][577]Warning: Starting HotReload took  0.0s.
[2018.07.24-03.02.33:969][402]CompilerResultsLog: New page: Compilation - Jul 23, 2018, 7:02:33 PM
[2018.07.24-03.02.33:969][402]CompilerResultsLog: Using 'git status' to determine working set for adaptive non-unity build.
[2018.07.24-03.02.33:969][402]CompilerResultsLog: Compiling game modules for hot reload
[2018.07.24-03.02.33:969][402]CompilerResultsLog: Performing 3 actions (4 in parallel)
[2018.07.24-03.02.33:969][402]CompilerResultsLog: CheatingSimulatorCharacter.cpp
[2018.07.24-03.02.33:969][402]CompilerResultsLog: Error: c:\users\vigneshwar\documents\unreal projects\cheatingsimulator\source\cheatingsimulator\CheatingSimulatorCharacter.h(43) : warning C4263: 'void ACheatingSimulatorCharacter::Crouch(void)': member function does not override any base class virtual member function
[2018.07.24-03.02.33:969][402]CompilerResultsLog: Error: c:\users\vigneshwar\documents\unreal projects\cheatingsimulator\source\cheatingsimulator\CheatingSimulatorCharacter.h(74) : warning C4264: 'void ACharacter::Crouch(bool)': no override available for virtual member function from base 'ACharacter'; function is hidden
[2018.07.24-03.02.33:970][402]CompilerResultsLog: Error: C:\Program Files\Epic Games\UE_4.19\Engine\Source\Runtime\Engine\Classes\GameFramework/Character.h(701) : note: see declaration of 'ACharacter::Crouch'
[2018.07.24-03.02.33:970][402]CompilerResultsLog: Error: C:\Program Files\Epic Games\UE_4.19\Engine\Source\Runtime\Engine\Classes\GameFramework/Character.h(210) : note: see declaration of 'ACharacter'
[2018.07.24-03.02.33:970][402]CompilerResultsLog: [2/3] Link UE4Editor-CheatingSimulator-9667.dll
[2018.07.24-03.02.33:970][402]CompilerResultsLog: [3/3] Link UE4Editor-CheatingSimulator-9667.lib
[2018.07.24-03.02.33:970][402]CompilerResultsLog:    Creating library C:\Users\Vigneshwar\Documents\Unreal Projects\CheatingSimulator\Intermediate\Build\Win64\UE4Editor\Development\UE4Editor-CheatingSimulator-9667.suppressed.lib and object C:\Users\Vigneshwar\Documents\Unreal Projects\CheatingSimulator\Intermediate\Build\Win64\UE4Editor\Development\UE4Editor-CheatingSimulator-9667.suppressed.exp
[2018.07.24-03.02.33:970][402]CompilerResultsLog:    Creating library C:\Users\Vigneshwar\Documents\Unreal Projects\CheatingSimulator\Intermediate\Build\Win64\UE4Editor\Development\UE4Editor-CheatingSimulator-9667.lib and object C:\Users\Vigneshwar\Documents\Unreal Projects\CheatingSimulator\Intermediate\Build\Win64\UE4Editor\Development\UE4Editor-CheatingSimulator-9667.exp
[2018.07.24-03.02.33:970][402]CompilerResultsLog: Total build time: 7.40 seconds (Local executor: 4.97 seconds)
[2018.07.24-03.02.33:970][402]LogMainFrame: MainFrame: Module compiling took 9.352 seconds
[2018.07.24-03.02.34:041][402]LogContentBrowser: Native class hierarchy updated for 'CheatingSimulator' in 0.0008 seconds. Added 3 classes and 2 folders.
[2018.07.24-03.02.34:044][402]Display: HotReload successful (0 functions remapped  0 scriptstructs remapped)
[2018.07.24-03.02.34:367][402]LogContentBrowser: Native class hierarchy populated in 0.0106 seconds. Added 2456 classes and 562 folders.
[2018.07.24-03.02.34:367][402]Display: HotReload took  9.8s.
[2018.07.24-03.02.36:496][647]LogTemp: Repeating last play command: Selected Viewport
[2018.07.24-03.02.36:509][647]LogBlueprintUserMessages: Early PlayInEditor Detection: Level '/Game/ThirdPersonCPP/Maps/ThirdPersonExampleMap.ThirdPersonExampleMap:PersistentLevel' has LevelScriptBlueprint '/Game/ThirdPersonCPP/Maps/ThirdPersonExampleMap.ThirdPersonExampleMap:PersistentLevel.ThirdPersonExampleMap' with GeneratedClass '/Game/ThirdPersonCPP/Maps/ThirdPersonExampleMap.ThirdPersonExampleMap_C' with ClassGeneratedBy '/Game/ThirdPersonCPP/Maps/ThirdPersonExampleMap.ThirdPersonExampleMap:PersistentLevel.ThirdPersonExampleMap'
[2018.07.24-03.02.36:510][647]LogPlayLevel: PlayLevel: No blueprints needed recompiling
[2018.07.24-03.02.36:510][647]PIE: New page: PIE session: ThirdPersonExampleMap (Jul 23, 2018, 7:02:36 PM)
[2018.07.24-03.02.36:510][647]LogPlayLevel: Creating play world package: /Game/ThirdPersonCPP/Maps/UEDPIE_0_ThirdPersonExampleMap
[2018.07.24-03.02.36:533][647]LogPlayLevel: PIE: StaticDuplicateObject took: (0.022842s)
[2018.07.24-03.02.36:534][647]LogAIModule: Creating AISystem for world ThirdPersonExampleMap
[2018.07.24-03.02.36:534][647]LogPlayLevel: PIE: World Init took: (0.001116s)
[2018.07.24-03.02.36:534][647]LogPlayLevel: PIE: Created PIE world by copying editor world from /Game/ThirdPersonCPP/Maps/ThirdPersonExampleMap.ThirdPersonExampleMap to /Game/ThirdPersonCPP/Maps/UEDPIE_0_ThirdPersonExampleMap.ThirdPersonExampleMap (0.024280s)
[2018.07.24-03.02.36:600][647]LogInit: XAudio2 using 'Speakers (Realtek High Definition Audio)' : 6 channels at 48 kHz using 32 bits per sample (channel mask 0x3f)
[2018.07.24-03.02.36:618][647]LogInit: FAudioDevice initialized.
[2018.07.24-03.02.36:661][647]LogLoad: Game class is 'CheatingSimulatorGameMode'
[2018.07.24-03.02.36:663][647]LogWorld: Bringing World /Game/ThirdPersonCPP/Maps/UEDPIE_0_ThirdPersonExampleMap.ThirdPersonExampleMap up for play (max tick rate 0) at 2018.07.23-23.02.36
[2018.07.24-03.02.36:664][647]LogWorld: Bringing up level for play took: 0.001892
[2018.07.24-03.02.36:709][647]LogContentBrowser: Native class hierarchy updated for 'MovieSceneCapture' in 0.0008 seconds. Added 11 classes and 0 folders.
[2018.07.24-03.02.36:710][647]PIE: Play in editor start time for /Game/ThirdPersonCPP/Maps/UEDPIE_0_ThirdPersonExampleMap 1.061
[2018.07.24-03.02.36:710][647]LogBlueprintUserMessages: Late PlayInEditor Detection: Level '/Game/ThirdPersonCPP/Maps/ThirdPersonExampleMap.ThirdPersonExampleMap:PersistentLevel' has LevelScriptBlueprint '/Game/ThirdPersonCPP/Maps/ThirdPersonExampleMap.ThirdPersonExampleMap:PersistentLevel.ThirdPersonExampleMap' with GeneratedClass '/Game/ThirdPersonCPP/Maps/ThirdPersonExampleMap.ThirdPersonExampleMap_C' with ClassGeneratedBy '/Game/ThirdPersonCPP/Maps/ThirdPersonExampleMap.ThirdPersonExampleMap:PersistentLevel.ThirdPersonExampleMap'
[2018.07.24-03.03.00:714][329]LogBlueprintUserMessages: Early EndPlayMap Detection: Level '/Game/ThirdPersonCPP/Maps/ThirdPersonExampleMap.ThirdPersonExampleMap:PersistentLevel' has LevelScriptBlueprint '/Game/ThirdPersonCPP/Maps/ThirdPersonExampleMap.ThirdPersonExampleMap:PersistentLevel.ThirdPersonExampleMap' with GeneratedClass '/Game/ThirdPersonCPP/Maps/ThirdPersonExampleMap.ThirdPersonExampleMap_C' with ClassGeneratedBy '/Game/ThirdPersonCPP/Maps/ThirdPersonExampleMap.ThirdPersonExampleMap:PersistentLevel.ThirdPersonExampleMap'
[2018.07.24-03.03.00:751][329]LogBlueprintUserMessages: Late EndPlayMap Detection: Level '/Game/ThirdPersonCPP/Maps/ThirdPersonExampleMap.ThirdPersonExampleMap:PersistentLevel' has LevelScriptBlueprint '/Game/ThirdPersonCPP/Maps/ThirdPersonExampleMap.ThirdPersonExampleMap:PersistentLevel.ThirdPersonExampleMap' with GeneratedClass '/Game/ThirdPersonCPP/Maps/ThirdPersonExampleMap.ThirdPersonExampleMap_C' with ClassGeneratedBy '/Game/ThirdPersonCPP/Maps/ThirdPersonExampleMap.ThirdPersonExampleMap:PersistentLevel.ThirdPersonExampleMap'
[2018.07.24-03.03.44:271][262]LogSlate: FSceneViewport::OnFocusLost() reason 2
[2018.07.24-03.03.46:291][478]LogTemp: Repeating last play command: Selected Viewport
[2018.07.24-03.03.46:305][478]LogBlueprintUserMessages: Early PlayInEditor Detection: Level '/Game/ThirdPersonCPP/Maps/ThirdPersonExampleMap.ThirdPersonExampleMap:PersistentLevel' has LevelScriptBlueprint '/Game/ThirdPersonCPP/Maps/ThirdPersonExampleMap.ThirdPersonExampleMap:PersistentLevel.ThirdPersonExampleMap' with GeneratedClass '/Game/ThirdPersonCPP/Maps/ThirdPersonExampleMap.ThirdPersonExampleMap_C' with ClassGeneratedBy '/Game/ThirdPersonCPP/Maps/ThirdPersonExampleMap.ThirdPersonExampleMap:PersistentLevel.ThirdPersonExampleMap'
[2018.07.24-03.03.46:305][478]LogPlayLevel: PlayLevel: No blueprints needed recompiling
[2018.07.24-03.03.46:305][478]PIE: New page: PIE session: ThirdPersonExampleMap (Jul 23, 2018, 7:03:46 PM)
[2018.07.24-03.03.46:305][478]LogPlayLevel: Creating play world package: /Game/ThirdPersonCPP/Maps/UEDPIE_0_ThirdPersonExampleMap
[2018.07.24-03.03.46:320][478]LogPlayLevel: PIE: StaticDuplicateObject took: (0.014857s)
[2018.07.24-03.03.46:321][478]LogAIModule: Creating AISystem for world ThirdPersonExampleMap
[2018.07.24-03.03.46:322][478]LogPlayLevel: PIE: World Init took: (0.001301s)
[2018.07.24-03.03.46:322][478]LogPlayLevel: PIE: Created PIE world by copying editor world from /Game/ThirdPersonCPP/Maps/ThirdPersonExampleMap.ThirdPersonExampleMap to /Game/ThirdPersonCPP/Maps/UEDPIE_0_ThirdPersonExampleMap.ThirdPersonExampleMap (0.016437s)
[2018.07.24-03.03.46:351][478]LogInit: XAudio2 using 'Speakers (Realtek High Definition Audio)' : 6 channels at 48 kHz using 32 bits per sample (channel mask 0x3f)
[2018.07.24-03.03.46:368][478]LogInit: FAudioDevice initialized.
[2018.07.24-03.03.46:400][478]LogLoad: Game class is 'CheatingSimulatorGameMode'
[2018.07.24-03.03.46:402][478]LogWorld: Bringing World /Game/ThirdPersonCPP/Maps/UEDPIE_0_ThirdPersonExampleMap.ThirdPersonExampleMap up for play (max tick rate 0) at 2018.07.23-23.03.46
[2018.07.24-03.03.46:403][478]LogWorld: Bringing up level for play took: 0.001706
[2018.07.24-03.03.46:404][478]PIE: Play in editor start time for /Game/ThirdPersonCPP/Maps/UEDPIE_0_ThirdPersonExampleMap 0.754
[2018.07.24-03.03.46:404][478]LogBlueprintUserMessages: Late PlayInEditor Detection: Level '/Game/ThirdPersonCPP/Maps/ThirdPersonExampleMap.ThirdPersonExampleMap:PersistentLevel' has LevelScriptBlueprint '/Game/ThirdPersonCPP/Maps/ThirdPersonExampleMap.ThirdPersonExampleMap:PersistentLevel.ThirdPersonExampleMap' with GeneratedClass '/Game/ThirdPersonCPP/Maps/ThirdPersonExampleMap.ThirdPersonExampleMap_C' with ClassGeneratedBy '/Game/ThirdPersonCPP/Maps/ThirdPersonExampleMap.ThirdPersonExampleMap:PersistentLevel.ThirdPersonExampleMap'
[2018.07.24-03.03.48:936][762]LogBlueprintUserMessages: Early EndPlayMap Detection: Level '/Game/ThirdPersonCPP/Maps/ThirdPersonExampleMap.ThirdPersonExampleMap:PersistentLevel' has LevelScriptBlueprint '/Game/ThirdPersonCPP/Maps/ThirdPersonExampleMap.ThirdPersonExampleMap:PersistentLevel.ThirdPersonExampleMap' with GeneratedClass '/Game/ThirdPersonCPP/Maps/ThirdPersonExampleMap.ThirdPersonExampleMap_C' with ClassGeneratedBy '/Game/ThirdPersonCPP/Maps/ThirdPersonExampleMap.ThirdPersonExampleMap:PersistentLevel.ThirdPersonExampleMap'
[2018.07.24-03.03.48:971][762]LogBlueprintUserMessages: Late EndPlayMap Detection: Level '/Game/ThirdPersonCPP/Maps/ThirdPersonExampleMap.ThirdPersonExampleMap:PersistentLevel' has LevelScriptBlueprint '/Game/ThirdPersonCPP/Maps/ThirdPersonExampleMap.ThirdPersonExampleMap:PersistentLevel.ThirdPersonExampleMap' with GeneratedClass '/Game/ThirdPersonCPP/Maps/ThirdPersonExampleMap.ThirdPersonExampleMap_C' with ClassGeneratedBy '/Game/ThirdPersonCPP/Maps/ThirdPersonExampleMap.ThirdPersonExampleMap:PersistentLevel.ThirdPersonExampleMap'
[2018.07.24-03.04.04:598][ 20]LogSlate: FSceneViewport::OnFocusLost() reason 2
[2018.07.24-03.04.06:042][187]LogTemp: Repeating last play command: Selected Viewport
[2018.07.24-03.04.06:055][187]LogBlueprintUserMessages: Early PlayInEditor Detection: Level '/Game/ThirdPersonCPP/Maps/ThirdPersonExampleMap.ThirdPersonExampleMap:PersistentLevel' has LevelScriptBlueprint '/Game/ThirdPersonCPP/Maps/ThirdPersonExampleMap.ThirdPersonExampleMap:PersistentLevel.ThirdPersonExampleMap' with GeneratedClass '/Game/ThirdPersonCPP/Maps/ThirdPersonExampleMap.ThirdPersonExampleMap_C' with ClassGeneratedBy '/Game/ThirdPersonCPP/Maps/ThirdPersonExampleMap.ThirdPersonExampleMap:PersistentLevel.ThirdPersonExampleMap'
[2018.07.24-03.04.06:056][187]LogPlayLevel: PlayLevel: No blueprints needed recompiling
[2018.07.24-03.04.06:056][187]PIE: New page: PIE session: ThirdPersonExampleMap (Jul 23, 2018, 7:04:06 PM)
[2018.07.24-03.04.06:056][187]LogPlayLevel: Creating play world package: /Game/ThirdPersonCPP/Maps/UEDPIE_0_ThirdPersonExampleMap
[2018.07.24-03.04.06:070][187]LogPlayLevel: PIE: StaticDuplicateObject took: (0.013713s)
[2018.07.24-03.04.06:070][187]LogAIModule: Creating AISystem for world ThirdPersonExampleMap
[2018.07.24-03.04.06:071][187]LogPlayLevel: PIE: World Init took: (0.000869s)
[2018.07.24-03.04.06:071][187]LogPlayLevel: PIE: Created PIE world by copying editor world from /Game/ThirdPersonCPP/Maps/ThirdPersonExampleMap.ThirdPersonExampleMap to /Game/ThirdPersonCPP/Maps/UEDPIE_0_ThirdPersonExampleMap.ThirdPersonExampleMap (0.014814s)
[2018.07.24-03.04.06:099][187]LogInit: XAudio2 using 'Speakers (Realtek High Definition Audio)' : 6 channels at 48 kHz using 32 bits per sample (channel mask 0x3f)
[2018.07.24-03.04.06:118][187]LogInit: FAudioDevice initialized.
[2018.07.24-03.04.06:150][187]LogLoad: Game class is 'CheatingSimulatorGameMode'
[2018.07.24-03.04.06:152][187]LogWorld: Bringing World /Game/ThirdPersonCPP/Maps/UEDPIE_0_ThirdPersonExampleMap.ThirdPersonExampleMap up for play (max tick rate 0) at 2018.07.23-23.04.06
[2018.07.24-03.04.06:152][187]LogWorld: Bringing up level for play took: 0.001579
[2018.07.24-03.04.06:153][187]PIE: Play in editor start time for /Game/ThirdPersonCPP/Maps/UEDPIE_0_ThirdPersonExampleMap 0.505
[2018.07.24-03.04.06:154][187]LogBlueprintUserMessages: Late PlayInEditor Detection: Level '/Game/ThirdPersonCPP/Maps/ThirdPersonExampleMap.ThirdPersonExampleMap:PersistentLevel' has LevelScriptBlueprint '/Game/ThirdPersonCPP/Maps/ThirdPersonExampleMap.ThirdPersonExampleMap:PersistentLevel.ThirdPersonExampleMap' with GeneratedClass '/Game/ThirdPersonCPP/Maps/ThirdPersonExampleMap.ThirdPersonExampleMap_C' with ClassGeneratedBy '/Game/ThirdPersonCPP/Maps/ThirdPersonExampleMap.ThirdPersonExampleMap:PersistentLevel.ThirdPersonExampleMap'
[2018.07.24-03.04.10:752][718]LogBlueprintUserMessages: Early EndPlayMap Detection: Level '/Game/ThirdPersonCPP/Maps/ThirdPersonExampleMap.ThirdPersonExampleMap:PersistentLevel' has LevelScriptBlueprint '/Game/ThirdPersonCPP/Maps/ThirdPersonExampleMap.ThirdPersonExampleMap:PersistentLevel.ThirdPersonExampleMap' with GeneratedClass '/Game/ThirdPersonCPP/Maps/ThirdPersonExampleMap.ThirdPersonExampleMap_C' with ClassGeneratedBy '/Game/ThirdPersonCPP/Maps/ThirdPersonExampleMap.ThirdPersonExampleMap:PersistentLevel.ThirdPersonExampleMap'
[2018.07.24-03.04.10:786][718]LogBlueprintUserMessages: Late EndPlayMap Detection: Level '/Game/ThirdPersonCPP/Maps/ThirdPersonExampleMap.ThirdPersonExampleMap:PersistentLevel' has LevelScriptBlueprint '/Game/ThirdPersonCPP/Maps/ThirdPersonExampleMap.ThirdPersonExampleMap:PersistentLevel.ThirdPersonExampleMap' with GeneratedClass '/Game/ThirdPersonCPP/Maps/ThirdPersonExampleMap.ThirdPersonExampleMap_C' with ClassGeneratedBy '/Game/ThirdPersonCPP/Maps/ThirdPersonExampleMap.ThirdPersonExampleMap:PersistentLevel.ThirdPersonExampleMap'
[2018.07.24-03.04.12:591][922]LogSlate: FSceneViewport::OnFocusLost() reason 0
[2018.07.24-03.04.12:698][934]LogVSAccessor: Warning: Couldn't access Visual Studio
[2018.07.24-03.04.12:701][934]Candidate modules for hot reload:
[2018.07.24-03.04.12:701][934]  CheatingSimulator
[2018.07.24-03.04.12:701][934]Launching UnrealBuildTool... [C:/Program Files/Epic Games/UE_4.19/Engine/Binaries/DotNET/UnrealBuildTool.exe CheatingSimulator -ModuleWithSuffix=CheatingSimulator,2839 Win64 Development -editorrecompile -canskiplink "C:/Users/Vigneshwar/Documents/Unreal Projects/CheatingSimulator/CheatingSimulator.uproject" ]
[2018.07.24-03.04.12:703][934]Warning: Starting HotReload took  0.0s.
[2018.07.24-03.04.18:192][194]CompilerResultsLog: New page: Compilation - Jul 23, 2018, 7:04:18 PM
[2018.07.24-03.04.18:192][194]CompilerResultsLog: Using 'git status' to determine working set for adaptive non-unity build.
[2018.07.24-03.04.18:192][194]CompilerResultsLog: Compiling game modules for hot reload
[2018.07.24-03.04.18:192][194]CompilerResultsLog: Performing 3 actions (4 in parallel)
[2018.07.24-03.04.18:192][194]CompilerResultsLog: CheatingSimulatorCharacter.cpp
[2018.07.24-03.04.18:192][194]CompilerResultsLog: Error: c:\users\vigneshwar\documents\unreal projects\cheatingsimulator\source\cheatingsimulator\CheatingSimulatorCharacter.h(43) : warning C4263: 'void ACheatingSimulatorCharacter::Crouch(void)': member function does not override any base class virtual member function
[2018.07.24-03.04.18:192][194]CompilerResultsLog: Error: c:\users\vigneshwar\documents\unreal projects\cheatingsimulator\source\cheatingsimulator\CheatingSimulatorCharacter.h(74) : warning C4264: 'void ACharacter::Crouch(bool)': no override available for virtual member function from base 'ACharacter'; function is hidden
[2018.07.24-03.04.18:192][194]CompilerResultsLog: Error: C:\Program Files\Epic Games\UE_4.19\Engine\Source\Runtime\Engine\Classes\GameFramework/Character.h(701) : note: see declaration of 'ACharacter::Crouch'
[2018.07.24-03.04.18:192][194]CompilerResultsLog: Error: C:\Program Files\Epic Games\UE_4.19\Engine\Source\Runtime\Engine\Classes\GameFramework/Character.h(210) : note: see declaration of 'ACharacter'
[2018.07.24-03.04.18:192][194]CompilerResultsLog: Error: C:\Users\Vigneshwar\Documents\Unreal Projects\CheatingSimulator\Source\CheatingSimulator\CheatingSimulatorCharacter.cpp(91) : error C2039: 'Reds': is not a member of 'FColor'
[2018.07.24-03.04.18:192][194]CompilerResultsLog: Error: C:\Program Files\Epic Games\UE_4.19\Engine\Intermediate\Build\Win64\UE4Editor\Inc\Engine\PlayerController.generated.h(27) : note: see declaration of 'FColor'
[2018.07.24-03.04.18:192][194]CompilerResultsLog: Error: C:\Users\Vigneshwar\Documents\Unreal Projects\CheatingSimulator\Source\CheatingSimulator\CheatingSimulatorCharacter.cpp(91) : error C2065: 'Reds': undeclared identifier
[2018.07.24-03.04.18:193][194]CompilerResultsLog: ERROR: UBT ERROR: Failed to produce item: C:\Users\Vigneshwar\Documents\Unreal Projects\CheatingSimulator\Binaries\Win64\UE4Editor-CheatingSimulator-2839.dll
[2018.07.24-03.04.18:193][194]CompilerResultsLog: Total build time: 3.60 seconds (Local executor: 0.00 seconds)
[2018.07.24-03.04.18:193][194]LogMainFrame: MainFrame: Module compiling took 5.495 seconds
[2018.07.24-03.04.18:193][194]Warning: HotReload failed, recompile failed
[2018.07.24-03.08.01:082][270]LogSlate: Window 'Message Log' being destroyed
[2018.07.24-03.08.01:083][270]LogSlate: Window 'Message Log' being destroyed
[2018.07.24-03.08.02:569][361]LogVSAccessor: Warning: Couldn't access Visual Studio
[2018.07.24-03.08.02:573][361]Candidate modules for hot reload:
[2018.07.24-03.08.02:573][361]  CheatingSimulator
[2018.07.24-03.08.02:573][361]Launching UnrealBuildTool... [C:/Program Files/Epic Games/UE_4.19/Engine/Binaries/DotNET/UnrealBuildTool.exe CheatingSimulator -ModuleWithSuffix=CheatingSimulator,1394 Win64 Development -editorrecompile -canskiplink "C:/Users/Vigneshwar/Documents/Unreal Projects/CheatingSimulator/CheatingSimulator.uproject" ]
[2018.07.24-03.08.02:575][361]Warning: Starting HotReload took  0.0s.
[2018.07.24-03.08.12:124][517]CompilerResultsLog: New page: Compilation - Jul 23, 2018, 7:08:12 PM
[2018.07.24-03.08.12:126][517]CompilerResultsLog: Using 'git status' to determine working set for adaptive non-unity build.
[2018.07.24-03.08.12:126][517]CompilerResultsLog: Compiling game modules for hot reload
[2018.07.24-03.08.12:126][517]CompilerResultsLog: Performing 3 actions (4 in parallel)
[2018.07.24-03.08.12:126][517]CompilerResultsLog: CheatingSimulatorCharacter.cpp
[2018.07.24-03.08.12:126][517]CompilerResultsLog: Error: c:\users\vigneshwar\documents\unreal projects\cheatingsimulator\source\cheatingsimulator\CheatingSimulatorCharacter.h(43) : warning C4263: 'void ACheatingSimulatorCharacter::Crouch(void)': member function does not override any base class virtual member function
[2018.07.24-03.08.12:126][517]CompilerResultsLog: Error: c:\users\vigneshwar\documents\unreal projects\cheatingsimulator\source\cheatingsimulator\CheatingSimulatorCharacter.h(74) : warning C4264: 'void ACharacter::Crouch(bool)': no override available for virtual member function from base 'ACharacter'; function is hidden
[2018.07.24-03.08.12:126][517]CompilerResultsLog: Error: C:\Program Files\Epic Games\UE_4.19\Engine\Source\Runtime\Engine\Classes\GameFramework/Character.h(701) : note: see declaration of 'ACharacter::Crouch'
[2018.07.24-03.08.12:126][517]CompilerResultsLog: Error: C:\Program Files\Epic Games\UE_4.19\Engine\Source\Runtime\Engine\Classes\GameFramework/Character.h(210) : note: see declaration of 'ACharacter'
[2018.07.24-03.08.12:126][517]CompilerResultsLog: Error: C:\Users\Vigneshwar\Documents\Unreal Projects\CheatingSimulator\Source\CheatingSimulator\CheatingSimulatorCharacter.cpp(63) : error C2039: 'ToggleCrouch': is not a member of 'ACheatingSimulatorCharacter'
[2018.07.24-03.08.12:126][517]CompilerResultsLog: Error: c:\users\vigneshwar\documents\unreal projects\cheatingsimulator\source\cheatingsimulator\CheatingSimulatorCharacter.h(10) : note: see declaration of 'ACheatingSimulatorCharacter'
[2018.07.24-03.08.12:126][517]CompilerResultsLog: Error: C:\Users\Vigneshwar\Documents\Unreal Projects\CheatingSimulator\Source\CheatingSimulator\CheatingSimulatorCharacter.cpp(63) : error C2065: 'ToggleCrouch': undeclared identifier
[2018.07.24-03.08.12:126][517]CompilerResultsLog: Error: C:\Users\Vigneshwar\Documents\Unreal Projects\CheatingSimulator\Source\CheatingSimulator\CheatingSimulatorCharacter.cpp(80) : error C2039: 'ToggleCrouch': is not a member of 'ACheatingSimulatorCharacter'
[2018.07.24-03.08.12:127][517]CompilerResultsLog: Error: c:\users\vigneshwar\documents\unreal projects\cheatingsimulator\source\cheatingsimulator\CheatingSimulatorCharacter.h(10) : note: see declaration of 'ACheatingSimulatorCharacter'
[2018.07.24-03.08.12:127][517]CompilerResultsLog: Error: C:\Users\Vigneshwar\Documents\Unreal Projects\CheatingSimulator\Source\CheatingSimulator\CheatingSimulatorCharacter.cpp(82) : error C2065: 'bIsCrouched': undeclared identifier
[2018.07.24-03.08.12:127][517]CompilerResultsLog: Error: C:\Users\Vigneshwar\Documents\Unreal Projects\CheatingSimulator\Source\CheatingSimulator\CheatingSimulatorCharacter.cpp(82) : error C4805: '==': unsafe mix of type 'unknown-type' and type 'bool' in operation
[2018.07.24-03.08.12:127][517]CompilerResultsLog: Error: C:\Users\Vigneshwar\Documents\Unreal Projects\CheatingSimulator\Source\CheatingSimulator\CheatingSimulatorCharacter.cpp(84) : error C2065: 'bIsCrouched': undeclared identifier
[2018.07.24-03.08.12:127][517]CompilerResultsLog: Error: C:\Users\Vigneshwar\Documents\Unreal Projects\CheatingSimulator\Source\CheatingSimulator\CheatingSimulatorCharacter.cpp(90) : error C2065: 'bIsCrouched': undeclared identifier
[2018.07.24-03.08.12:127][517]CompilerResultsLog: Error: C:\Users\Vigneshwar\Documents\Unreal Projects\CheatingSimulator\Source\CheatingSimulator\CheatingSimulatorCharacter.cpp(91) : error C2039: 'Reds': is not a member of 'FColor'
[2018.07.24-03.08.12:127][517]CompilerResultsLog: Error: C:\Program Files\Epic Games\UE_4.19\Engine\Intermediate\Build\Win64\UE4Editor\Inc\Engine\PlayerController.generated.h(27) : note: see declaration of 'FColor'
[2018.07.24-03.08.12:127][517]CompilerResultsLog: Error: C:\Users\Vigneshwar\Documents\Unreal Projects\CheatingSimulator\Source\CheatingSimulator\CheatingSimulatorCharacter.cpp(91) : error C2065: 'Reds': undeclared identifier
[2018.07.24-03.08.12:127][517]CompilerResultsLog: ERROR: UBT ERROR: Failed to produce item: C:\Users\Vigneshwar\Documents\Unreal Projects\CheatingSimulator\Binaries\Win64\UE4Editor-CheatingSimulator-1394.dll
[2018.07.24-03.08.12:127][517]CompilerResultsLog: Total build time: 7.45 seconds (Local executor: 0.00 seconds)
[2018.07.24-03.08.12:127][517]LogMainFrame: MainFrame: Module compiling took 9.558 seconds
[2018.07.24-03.08.12:127][517]Warning: HotReload failed, recompile failed
